--------------------------------------------------------------------------------
Profile data file 'callgrind.out' (creator: callgrind-3.18.1)
--------------------------------------------------------------------------------
I1 cache: 
D1 cache: 
LL cache: 
Timerange: Basic block 0 - 35564
Trigger: Program termination
Profiled target:  ./bin/matop -s -x 3 -y 3 (PID 19583, part 1)
Events recorded:  Ir
Events shown:     Ir
Event sort order: Ir
Thresholds:       99
Include dirs:     
User annotated:   
Auto-annotation:  on

--------------------------------------------------------------------------------
Ir               
--------------------------------------------------------------------------------
174,516 (100.0%)  PROGRAM TOTALS

--------------------------------------------------------------------------------
Ir               file:function
--------------------------------------------------------------------------------
25,977 (14.89%)  ./elf/./elf/dl-lookup.c:do_lookup_x [/usr/lib/x86_64-linux-gnu/ld-linux-x86-64.so.2]
22,205 (12.72%)  ./elf/./elf/dl-lookup.c:_dl_lookup_symbol_x [/usr/lib/x86_64-linux-gnu/ld-linux-x86-64.so.2]
18,689 (10.71%)  ./elf/../sysdeps/x86_64/dl-machine.h:_dl_relocate_object
15,360 ( 8.80%)  ./elf/./elf/dl-tunables.c:__GI___tunables_init [/usr/lib/x86_64-linux-gnu/ld-linux-x86-64.so.2]
10,231 ( 5.86%)  ./elf/./elf/do-rel.h:_dl_relocate_object
 5,967 ( 3.42%)  ./string/../sysdeps/x86_64/strcmp.S:strcmp [/usr/lib/x86_64-linux-gnu/ld-linux-x86-64.so.2]
 5,824 ( 3.34%)  ./stdio-common/./stdio-common/printf_fp.c:__printf_fp_l [/usr/lib/x86_64-linux-gnu/libc.so.6]
 5,620 ( 3.22%)  ./elf/./elf/dl-lookup.c:check_match [/usr/lib/x86_64-linux-gnu/ld-linux-x86-64.so.2]
 5,158 ( 2.96%)  ./stdio-common/./stdio-common/vfprintf-internal.c:__vfprintf_internal [/usr/lib/x86_64-linux-gnu/libc.so.6]
 3,085 ( 1.77%)  ./elf/../sysdeps/x86/dl-cacheinfo.h:intel_check_word.constprop.0 [/usr/lib/x86_64-linux-gnu/ld-linux-x86-64.so.2]
 2,665 ( 1.53%)  ./libio/./libio/fileops.c:_IO_file_xsputn@@GLIBC_2.2.5 [/usr/lib/x86_64-linux-gnu/libc.so.6]
 2,309 ( 1.32%)  ./elf/./elf/dl-version.c:_dl_check_map_versions [/usr/lib/x86_64-linux-gnu/ld-linux-x86-64.so.2]
 2,222 ( 1.27%)  ./elf/../bits/stdlib-bsearch.h:intel_check_word.constprop.0
 2,096 ( 1.20%)  ./elf/./elf/dl-tunables.h:__GI___tunables_init
 1,780 ( 1.02%)  ./libio/./libio/fileops.c:_IO_file_overflow@@GLIBC_2.2.5 [/usr/lib/x86_64-linux-gnu/libc.so.6]
 1,588 ( 0.91%)  src/mat.c:inicializaMatrizNula [/mnt/c/Users/tastc/OneDrive/Área de Trabalho/Tps_linear/Estrutura de dados/Pratica 5/bin/matop]
 1,546 ( 0.89%)  ./elf/./elf/dl-load.c:_dl_map_object_from_fd [/usr/lib/x86_64-linux-gnu/ld-linux-x86-64.so.2]
 1,210 ( 0.69%)  ./stdio-common/./stdio-common/printf_fp.c:hack_digit [/usr/lib/x86_64-linux-gnu/libc.so.6]
 1,195 ( 0.68%)  ./elf/./elf/rtld.c:dl_main [/usr/lib/x86_64-linux-gnu/ld-linux-x86-64.so.2]
   948 ( 0.54%)  ./elf/./elf/dl-deps.c:_dl_map_object_deps [/usr/lib/x86_64-linux-gnu/ld-linux-x86-64.so.2]
   940 ( 0.54%)  ./elf/../sysdeps/generic/dl-protected.h:do_lookup_x
   883 ( 0.51%)  ./elf/../sysdeps/x86_64/dl-machine.h:_dl_start
   819 ( 0.47%)  ./string/../sysdeps/x86_64/multiarch/memmove-vec-unaligned-erms.S:__mempcpy_avx_unaligned_erms [/usr/lib/x86_64-linux-gnu/libc.so.6]
   815 ( 0.47%)  ./elf/./elf/do-rel.h:_dl_start
   798 ( 0.46%)  ./stdlib/../sysdeps/x86_64/mul_1.S:__mpn_mul_1 [/usr/lib/x86_64-linux-gnu/libc.so.6]
   776 ( 0.44%)  ./malloc/./malloc/malloc.c:ptmalloc_init.part.0
   768 ( 0.44%)  ./elf/./elf/dl-hwcaps.c:_dl_important_hwcaps [/usr/lib/x86_64-linux-gnu/ld-linux-x86-64.so.2]
   754 ( 0.43%)  ./elf/./elf/dl-cache.c:_dl_cache_libcmp [/usr/lib/x86_64-linux-gnu/ld-linux-x86-64.so.2]
   681 ( 0.39%)  ./elf/./elf/dl-load.c:open_path [/usr/lib/x86_64-linux-gnu/ld-linux-x86-64.so.2]
   677 ( 0.39%)  ./elf/./elf/dl-tunables.c:__tunable_get_val [/usr/lib/x86_64-linux-gnu/ld-linux-x86-64.so.2]
   663 ( 0.38%)  ./elf/./elf/dl-load.c:open_verify.constprop.0 [/usr/lib/x86_64-linux-gnu/ld-linux-x86-64.so.2]
   656 ( 0.38%)  ./libio/./libio/iopadn.c:_IO_padn [/usr/lib/x86_64-linux-gnu/libc.so.6]
   645 ( 0.37%)  ./elf/./elf/dl-minimal-malloc.c:__minimal_malloc [/usr/lib/x86_64-linux-gnu/ld-linux-x86-64.so.2]
   608 ( 0.35%)  ./string/../sysdeps/x86_64/multiarch/strchr-avx2.S:__strchrnul_avx2 [/usr/lib/x86_64-linux-gnu/libc.so.6]
   596 ( 0.34%)  ./elf/../sysdeps/x86/dl-cacheinfo.h:handle_intel.constprop.0 [/usr/lib/x86_64-linux-gnu/ld-linux-x86-64.so.2]
   585 ( 0.34%)  ./elf/./elf/dl-object.c:_dl_new_object [/usr/lib/x86_64-linux-gnu/ld-linux-x86-64.so.2]
   558 ( 0.32%)  ./stdlib/./stdlib/erand48_r.c:erand48_r [/usr/lib/x86_64-linux-gnu/libc.so.6]
   552 ( 0.32%)  ./stdio-common/./stdio-common/printf.c:printf [/usr/lib/x86_64-linux-gnu/libc.so.6]
   551 ( 0.32%)  ./elf/./elf/dl-reloc.c:_dl_relocate_object [/usr/lib/x86_64-linux-gnu/ld-linux-x86-64.so.2]
   505 ( 0.29%)  ./elf/./elf/get-dynamic-info.h:_dl_map_object_from_fd
   495 ( 0.28%)  ./elf/../sysdeps/generic/ldsodefs.h:do_lookup_x
   462 ( 0.26%)  ./libio/./libio/genops.c:__overflow [/usr/lib/x86_64-linux-gnu/libc.so.6]
   460 ( 0.26%)  ./posix/./posix/getopt.c:_getopt_internal_r [/usr/lib/x86_64-linux-gnu/libc.so.6]
   458 ( 0.26%)  ./elf/./elf/dl-load.c:_dl_map_object [/usr/lib/x86_64-linux-gnu/ld-linux-x86-64.so.2]
   444 ( 0.25%)  ./string/../sysdeps/x86_64/multiarch/memmove-vec-unaligned-erms.S:mempcpy [/usr/lib/x86_64-linux-gnu/ld-linux-x86-64.so.2]
   437 ( 0.25%)  ./elf/./elf/dl-hwcaps_split.c:_dl_hwcaps_split_masked [/usr/lib/x86_64-linux-gnu/ld-linux-x86-64.so.2]
   429 ( 0.25%)  ./elf/../elf/dl-sysdep.c:_dl_sysdep_start [/usr/lib/x86_64-linux-gnu/ld-linux-x86-64.so.2]
   426 ( 0.24%)  src/mat.c:inicializaMatrizAleatoria [/mnt/c/Users/tastc/OneDrive/Área de Trabalho/Tps_linear/Estrutura de dados/Pratica 5/bin/matop]
   425 ( 0.24%)  ./stdlib/./stdlib/divrem.c:__mpn_divrem [/usr/lib/x86_64-linux-gnu/libc.so.6]
   408 ( 0.23%)  ./string/../sysdeps/x86_64/multiarch/../strchr.S:index [/usr/lib/x86_64-linux-gnu/ld-linux-x86-64.so.2]
   398 ( 0.23%)  src/mat.c:somaMatrizes [/mnt/c/Users/tastc/OneDrive/Área de Trabalho/Tps_linear/Estrutura de dados/Pratica 5/bin/matop]
   387 ( 0.22%)  ./elf/./elf/dl-misc.c:_dl_name_match_p [/usr/lib/x86_64-linux-gnu/ld-linux-x86-64.so.2]
   380 ( 0.22%)  ./string/../sysdeps/x86_64/multiarch/strlen-vec.S:strlen [/usr/lib/x86_64-linux-gnu/ld-linux-x86-64.so.2]
   363 ( 0.21%)  ./stdlib/./stdlib/drand48-iter.c:__drand48_iterate [/usr/lib/x86_64-linux-gnu/libc.so.6]
   358 ( 0.21%)  ./stdio-common/./stdio-common/printf-parse.h:__vfprintf_internal
   350 ( 0.20%)  ./elf/../elf/dl-tls.c:_dl_allocate_tls_storage [/usr/lib/x86_64-linux-gnu/ld-linux-x86-64.so.2]
   334 ( 0.19%)  ./string/../sysdeps/x86_64/multiarch/memset-vec-unaligned-erms.S:memset [/usr/lib/x86_64-linux-gnu/ld-linux-x86-64.so.2]
   328 ( 0.19%)  ./elf/./get-dynamic-info.h:dl_main
   312 ( 0.18%)  ./elf/./elf/dl-load.c:_dl_init_paths [/usr/lib/x86_64-linux-gnu/ld-linux-x86-64.so.2]
   309 ( 0.18%)  ./elf/../sysdeps/generic/ldsodefs.h:_dl_relocate_object
   307 ( 0.18%)  src/mat.c:imprimeMatriz [/mnt/c/Users/tastc/OneDrive/Área de Trabalho/Tps_linear/Estrutura de dados/Pratica 5/bin/matop]
   306 ( 0.18%)  ./elf/./elf/dl-cache.c:_dl_load_cache_lookup [/usr/lib/x86_64-linux-gnu/ld-linux-x86-64.so.2]
   303 ( 0.17%)  ./elf/./dl-map-segments.h:_dl_map_object_from_fd
   294 ( 0.17%)  ./libio/./libio/libioP.h:__overflow
   284 ( 0.16%)  ./elf/./elf/dl-sort-maps.c:dfs_traversal.part.0 [/usr/lib/x86_64-linux-gnu/ld-linux-x86-64.so.2]
   277 ( 0.16%)  ./io/../sysdeps/unix/sysv/linux/open64_nocancel.c:__open_nocancel [/usr/lib/x86_64-linux-gnu/ld-linux-x86-64.so.2]
   274 ( 0.16%)  ./malloc/./malloc/malloc.c:_int_malloc [/usr/lib/x86_64-linux-gnu/libc.so.6]
   270 ( 0.15%)  ./stdlib/./stdlib/drand48.c:drand48 [/usr/lib/x86_64-linux-gnu/libc.so.6]
   268 ( 0.15%)  ./elf/./elf/dl-lookup-direct.c:_dl_lookup_direct [/usr/lib/x86_64-linux-gnu/ld-linux-x86-64.so.2]
   259 ( 0.15%)  ./stdio-common/../libio/libioP.h:__vfprintf_internal
   257 ( 0.15%)  ./elf/./dl-find_object.h:_dl_find_object_from_map [/usr/lib/x86_64-linux-gnu/ld-linux-x86-64.so.2]
   254 ( 0.15%)  ./elf/./elf/dl-sort-maps.c:_dl_sort_maps [/usr/lib/x86_64-linux-gnu/ld-linux-x86-64.so.2]
   252 ( 0.14%)  ./elf/./elf/dl-fini.c:_dl_fini [/usr/lib/x86_64-linux-gnu/ld-linux-x86-64.so.2]
   251 ( 0.14%)  ./elf/./elf/dl-load.c:open_verify.constprop.1 [/usr/lib/x86_64-linux-gnu/ld-linux-x86-64.so.2]
   248 ( 0.14%)  ./elf/./elf/dl-minimal.c:strsep [/usr/lib/x86_64-linux-gnu/ld-linux-x86-64.so.2]
   245 ( 0.14%)  ./elf/./elf/dl-tunables.c:__GI___tunable_set_val [/usr/lib/x86_64-linux-gnu/ld-linux-x86-64.so.2]
   243 ( 0.14%)  ./elf/./get-dynamic-info.h:_dl_start
   239 ( 0.14%)  ./elf/./elf/dl-environ.c:_dl_next_ld_env_entry [/usr/lib/x86_64-linux-gnu/ld-linux-x86-64.so.2]
   239 ( 0.14%)  ./stdlib/./stdlib/getenv.c:getenv [/usr/lib/x86_64-linux-gnu/libc.so.6]
   233 ( 0.13%)  ./string/../sysdeps/x86_64/strcspn.S:strcspn [/usr/lib/x86_64-linux-gnu/ld-linux-x86-64.so.2]
   225 ( 0.13%)  ./string/../sysdeps/x86_64/multiarch/memmove-vec-unaligned-erms.S:memcpy [/usr/lib/x86_64-linux-gnu/ld-linux-x86-64.so.2]
   221 ( 0.13%)  ./libio/./libio/fileops.c:_IO_do_write@@GLIBC_2.2.5 [/usr/lib/x86_64-linux-gnu/libc.so.6]
   215 ( 0.12%)  ./elf/../sysdeps/x86/dl-cacheinfo.h:get_common_cache_info.constprop.0 [/usr/lib/x86_64-linux-gnu/ld-linux-x86-64.so.2]
   207 ( 0.12%)  ./elf/../sysdeps/x86/dl-cacheinfo.h:init_cpu_features.constprop.0
   206 ( 0.12%)  ./elf/../sysdeps/x86/dl-prop.h:_dl_map_object_from_fd
   202 ( 0.12%)  ./stdlib/../stdlib/strtol_l.c:____strtol_l_internal [/usr/lib/x86_64-linux-gnu/libc.so.6]
   198 ( 0.11%)  ./stdlib/../sysdeps/ieee754/dbl-64/dbl2mpn.c:__mpn_extract_double [/usr/lib/x86_64-linux-gnu/libc.so.6]
   193 ( 0.11%)  ./elf/../sysdeps/x86/dl-prop.h:dl_main
   188 ( 0.11%)  ./elf/./elf/dl-runtime.c:_dl_fixup [/usr/lib/x86_64-linux-gnu/ld-linux-x86-64.so.2]
   180 ( 0.10%)  ./nptl/./nptl/libc-cleanup.c:__libc_cleanup_push_defer [/usr/lib/x86_64-linux-gnu/libc.so.6]
   171 ( 0.10%)  ./elf/../sysdeps/x86/cpu-features.c:init_cpu_features.constprop.0 [/usr/lib/x86_64-linux-gnu/ld-linux-x86-64.so.2]
   170 ( 0.10%)  ./elf/./elf/dl-find_object.c:_dlfo_process_initial [/usr/lib/x86_64-linux-gnu/ld-linux-x86-64.so.2]
   156 ( 0.09%)  ./elf/./elf/dl-load.c:fillin_rpath.isra.0 [/usr/lib/x86_64-linux-gnu/ld-linux-x86-64.so.2]
   156 ( 0.09%)  ./stdio-common/./stdio-common/_itoa.c:_itoa_word [/usr/lib/x86_64-linux-gnu/libc.so.6]
   154 ( 0.09%)  ./string/../sysdeps/x86_64/multiarch/strlen-avx2.S:__strlen_avx2 [/usr/lib/x86_64-linux-gnu/libc.so.6]
   153 ( 0.09%)  ./malloc/./malloc/malloc.c:sysmalloc [/usr/lib/x86_64-linux-gnu/libc.so.6]
   152 ( 0.09%)  ./elf/../sysdeps/x86/cpu-features.c:update_active.constprop.0 [/usr/lib/x86_64-linux-gnu/ld-linux-x86-64.so.2]
   150 ( 0.09%)  ./libio/./libio/genops.c:_IO_default_xsputn [/usr/lib/x86_64-linux-gnu/libc.so.6]
   148 ( 0.08%)  ./libio/./libio/fileops.c:_IO_file_write@@GLIBC_2.2.5 [/usr/lib/x86_64-linux-gnu/libc.so.6]
   144 ( 0.08%)  ./nptl/./nptl/libc-cleanup.c:__libc_cleanup_pop_restore [/usr/lib/x86_64-linux-gnu/libc.so.6]
   144 ( 0.08%)  ./stdlib/../sysdeps/x86_64/lshift.S:__mpn_lshift [/usr/lib/x86_64-linux-gnu/libc.so.6]
   142 ( 0.08%)  ./elf/./elf/dl-init.c:call_init.part.0 [/usr/lib/x86_64-linux-gnu/ld-linux-x86-64.so.2]
   140 ( 0.08%)  ./elf/./elf/dl-minimal.c:lookup_malloc_symbol [/usr/lib/x86_64-linux-gnu/ld-linux-x86-64.so.2]
   140 ( 0.08%)  ./libio/./libio/putchar.c:putchar [/usr/lib/x86_64-linux-gnu/libc.so.6]
   130 ( 0.07%)  ./io/../sysdeps/unix/sysv/linux/fstatat64.c:fstatat [/usr/lib/x86_64-linux-gnu/libc.so.6]
   130 ( 0.07%)  ./libio/./libio/genops.c:_IO_cleanup [/usr/lib/x86_64-linux-gnu/libc.so.6]
   117 ( 0.07%)  ./malloc/./malloc/malloc.c:tcache_init.part.0 [/usr/lib/x86_64-linux-gnu/libc.so.6]
   116 ( 0.07%)  ./elf/./elf/dl-setup_hash.c:_dl_setup_hash [/usr/lib/x86_64-linux-gnu/ld-linux-x86-64.so.2]
   113 ( 0.06%)  src/matop.c:parse_args [/mnt/c/Users/tastc/OneDrive/Área de Trabalho/Tps_linear/Estrutura de dados/Pratica 5/bin/matop]
   112 ( 0.06%)  ./elf/./elf/dl-object.c:_dl_add_to_namespace_list [/usr/lib/x86_64-linux-gnu/ld-linux-x86-64.so.2]
   112 ( 0.06%)  ./libio/./libio/libioP.h:_IO_padn
   112 ( 0.06%)  ./stdlib/./stdlib/cxa_finalize.c:__cxa_finalize [/usr/lib/x86_64-linux-gnu/libc.so.6]
   112 ( 0.06%)  src/mat.c:criaMatriz [/mnt/c/Users/tastc/OneDrive/Área de Trabalho/Tps_linear/Estrutura de dados/Pratica 5/bin/matop]
   110 ( 0.06%)  ./elf/./elf/rtld.c:_dl_start [/usr/lib/x86_64-linux-gnu/ld-linux-x86-64.so.2]
   108 ( 0.06%)  ./misc/../sysdeps/unix/sysv/linux/mmap64.c:mmap [/usr/lib/x86_64-linux-gnu/ld-linux-x86-64.so.2]
   105 ( 0.06%)  ./elf/./elf/dl-error-skeleton.c:_dl_catch_exception [/usr/lib/x86_64-linux-gnu/ld-linux-x86-64.so.2]
   104 ( 0.06%)  ./libio/./libio/genops.c:_IO_flush_all_lockp [/usr/lib/x86_64-linux-gnu/libc.so.6]
   104 ( 0.06%)  ./posix/./posix/getopt.c:_getopt_internal [/usr/lib/x86_64-linux-gnu/libc.so.6]
   103 ( 0.06%)  ./elf/../sysdeps/unix/sysv/linux/dl-sysdep.c:_dl_discover_osversion [/usr/lib/x86_64-linux-gnu/ld-linux-x86-64.so.2]
   102 ( 0.06%)  ./elf/../elf/dl-tls.c:_dl_allocate_tls_init [/usr/lib/x86_64-linux-gnu/ld-linux-x86-64.so.2]
   101 ( 0.06%)  ./elf/./elf/dl-init.c:_dl_init [/usr/lib/x86_64-linux-gnu/ld-linux-x86-64.so.2]
    99 ( 0.06%)  ./nptl/./nptl/alloca_cutoff.c:__libc_alloca_cutoff [/usr/lib/x86_64-linux-gnu/libc.so.6]
    94 ( 0.05%)  ./setjmp/../sysdeps/x86_64/setjmp.S:__sigsetjmp [/usr/lib/x86_64-linux-gnu/libc.so.6]
    92 ( 0.05%)  ???:0x00000000048733e0 [???]
    82 ( 0.05%)  ./elf/../sysdeps/x86_64/dl-trampoline.h:_dl_runtime_resolve_xsave [/usr/lib/x86_64-linux-gnu/ld-linux-x86-64.so.2]
    80 ( 0.05%)  ./elf/./elf/dl-find_object.c:_dlfo_sort_mappings [/usr/lib/x86_64-linux-gnu/ld-linux-x86-64.so.2]
    80 ( 0.05%)  ./elf/./elf/dl-minimal-malloc.c:__minimal_calloc [/usr/lib/x86_64-linux-gnu/ld-linux-x86-64.so.2]
    79 ( 0.05%)  ./stdlib/./stdlib/exit.c:__run_exit_handlers [/usr/lib/x86_64-linux-gnu/libc.so.6]
    78 ( 0.04%)  src/mat.c:destroiMatriz [/mnt/c/Users/tastc/OneDrive/Área de Trabalho/Tps_linear/Estrutura de dados/Pratica 5/bin/matop]
    77 ( 0.04%)  src/matop.c:main [/mnt/c/Users/tastc/OneDrive/Área de Trabalho/Tps_linear/Estrutura de dados/Pratica 5/bin/matop]
    76 ( 0.04%)  ./elf/../elf/dl-tls.c:_dl_determine_tlsoffset [/usr/lib/x86_64-linux-gnu/ld-linux-x86-64.so.2]
    74 ( 0.04%)  ./elf/./elf/rtld.c:init_tls [/usr/lib/x86_64-linux-gnu/ld-linux-x86-64.so.2]
    72 ( 0.04%)  ./elf/./elf/dl-version.c:_dl_check_all_versions [/usr/lib/x86_64-linux-gnu/ld-linux-x86-64.so.2]
    72 ( 0.04%)  ./stdio-common/../sysdeps/generic/get-rounding-mode.h:__printf_fp_l
    72 ( 0.04%)  ./stdlib/../sysdeps/x86_64/rshift.S:__mpn_rshift [/usr/lib/x86_64-linux-gnu/libc.so.6]
    71 ( 0.04%)  ./csu/../csu/libc-start.c:__libc_start_main@@GLIBC_2.34 [/usr/lib/x86_64-linux-gnu/libc.so.6]
    71 ( 0.04%)  ./elf/./elf/rtld.c:handle_preload_list [/usr/lib/x86_64-linux-gnu/ld-linux-x86-64.so.2]
    69 ( 0.04%)  ./malloc/./malloc/arena.c:ptmalloc_init.part.0 [/usr/lib/x86_64-linux-gnu/libc.so.6]
    66 ( 0.04%)  ./string/../sysdeps/x86_64/multiarch/memmove-vec-unaligned-erms.S:__memcpy_avx_unaligned_erms [/usr/lib/x86_64-linux-gnu/libc.so.6]
    65 ( 0.04%)  ./elf/../sysdeps/generic/dl-hash.h:__rtld_malloc_init_real
    64 ( 0.04%)  ???:0x00000000048734d0 [???]
    63 ( 0.04%)  ./elf/./elf/dl-audit.c:_dl_audit_activity_nsid [/usr/lib/x86_64-linux-gnu/ld-linux-x86-64.so.2]
    63 ( 0.04%)  ./stdio-common/./stdio-common/printf_fp.c:__printf_fp [/usr/lib/x86_64-linux-gnu/libc.so.6]
    63 ( 0.04%)  ./string/../sysdeps/x86_64/multiarch/strchr-avx2.S:__strchr_avx2 [/usr/lib/x86_64-linux-gnu/libc.so.6]
    60 ( 0.03%)  ./elf/../sysdeps/x86/cpu-features.c:get_common_indices.constprop.0 [/usr/lib/x86_64-linux-gnu/ld-linux-x86-64.so.2]
    60 ( 0.03%)  ./elf/./elf/dl-load.c:_dl_process_pt_gnu_property [/usr/lib/x86_64-linux-gnu/ld-linux-x86-64.so.2]
    60 ( 0.03%)  ./io/../sysdeps/unix/sysv/linux/stat64.c:stat [/usr/lib/x86_64-linux-gnu/ld-linux-x86-64.so.2]
    57 ( 0.03%)  ./elf/./dl-load.h:_dl_map_object_from_fd
    52 ( 0.03%)  ./malloc/./malloc/malloc.c:malloc [/usr/lib/x86_64-linux-gnu/libc.so.6]
    50 ( 0.03%)  ./libio/./libio/filedoalloc.c:_IO_file_doallocate [/usr/lib/x86_64-linux-gnu/libc.so.6]
    49 ( 0.03%)  ./misc/./misc/sbrk.c:sbrk [/usr/lib/x86_64-linux-gnu/libc.so.6]
    48 ( 0.03%)  ./libio/./libio/libioP.h:putchar
    48 ( 0.03%)  ./stdlib/./stdlib/cmp.c:__mpn_cmp [/usr/lib/x86_64-linux-gnu/libc.so.6]
    48 ( 0.03%)  ./string/./string/strdup.c:strdup [/usr/lib/x86_64-linux-gnu/ld-linux-x86-64.so.2]
    46 ( 0.03%)  ./elf/./elf/dl-load.c:expand_dynamic_string_token [/usr/lib/x86_64-linux-gnu/ld-linux-x86-64.so.2]
    45 ( 0.03%)  ./stdio-common/../sysdeps/pthread/allocalim.h:__printf_fp_l
    44 ( 0.03%)  ./elf/./dl-hwcaps.h:_dl_important_hwcaps
    44 ( 0.03%)  ./libio/./libio/genops.c:_IO_default_setbuf [/usr/lib/x86_64-linux-gnu/libc.so.6]
    43 ( 0.02%)  ./elf/./elf/dl-minimal.c:__rtld_malloc_init_real [/usr/lib/x86_64-linux-gnu/ld-linux-x86-64.so.2]
    43 ( 0.02%)  ./nptl/./nptl/pthread_mutex_lock.c:pthread_mutex_lock@@GLIBC_2.2.5 [/usr/lib/x86_64-linux-gnu/libc.so.6]
    43 ( 0.02%)  ???:0x0000000004873650 [???]
    42 ( 0.02%)  ./elf/../sysdeps/nptl/dl-mutex.c:__rtld_mutex_init [/usr/lib/x86_64-linux-gnu/ld-linux-x86-64.so.2]
    42 ( 0.02%)  ./elf/../sysdeps/x86/get-isa-level.h:update_active.constprop.0
    42 ( 0.02%)  ./elf/./elf/dl-misc.c:_dl_sysdep_read_whole_file [/usr/lib/x86_64-linux-gnu/ld-linux-x86-64.so.2]
    42 ( 0.02%)  ./string/../sysdeps/x86_64/multiarch/ifunc-memmove.h:memmove
    42 ( 0.02%)  ./wcsmbs/../sysdeps/x86_64/multiarch/ifunc-evex.h:wmemchr
    41 ( 0.02%)  ./string/../sysdeps/x86_64/memcmp.S:bcmp [/usr/lib/x86_64-linux-gnu/ld-linux-x86-64.so.2]
    40 ( 0.02%)  ./elf/../sysdeps/x86/get-isa-level.h:_dl_hwcaps_subdirs_active
    40 ( 0.02%)  ./malloc/./malloc/scratch_buffer_set_array_size.c:__libc_scratch_buffer_set_array_size [/usr/lib/x86_64-linux-gnu/ld-linux-x86-64.so.2]
    39 ( 0.02%)  ./stdlib/./stdlib/cxa_atexit.c:__cxa_atexit [/usr/lib/x86_64-linux-gnu/libc.so.6]
    38 ( 0.02%)  ./string/../sysdeps/x86_64/multiarch/ifunc-avx2.h:strnlen
    38 ( 0.02%)  ./wcsmbs/../sysdeps/x86_64/multiarch/ifunc-avx2.h:wcschr
    37 ( 0.02%)  ./elf/../elf/dl-tls.c:_dl_tls_static_surplus_init [/usr/lib/x86_64-linux-gnu/ld-linux-x86-64.so.2]
    37 ( 0.02%)  ./elf/./elf/dl-find_object.c:_dl_find_object_init [/usr/lib/x86_64-linux-gnu/ld-linux-x86-64.so.2]
    37 ( 0.02%)  ./nptl/../sysdeps/unix/sysv/linux/x86/elision-conf.c:__lll_elision_init [/usr/lib/x86_64-linux-gnu/libc.so.6]
    36 ( 0.02%)  ./elf/../sysdeps/nptl/dl-tls_init_tp.c:__tls_init_tp [/usr/lib/x86_64-linux-gnu/ld-linux-x86-64.so.2]
    36 ( 0.02%)  ./elf/./elf/dl-deps.c:openaux [/usr/lib/x86_64-linux-gnu/ld-linux-x86-64.so.2]
    36 ( 0.02%)  ./elf/./elf/dl-load.c:_dl_dst_count [/usr/lib/x86_64-linux-gnu/ld-linux-x86-64.so.2]
    36 ( 0.02%)  ./io/../sysdeps/unix/sysv/linux/write.c:write [/usr/lib/x86_64-linux-gnu/libc.so.6]
    36 ( 0.02%)  ./posix/./posix/getopt.c:getopt [/usr/lib/x86_64-linux-gnu/libc.so.6]
    36 ( 0.02%)  ???:0x00000000001091f0 [???]
    35 ( 0.02%)  ./elf/./elf/dl-tunables.h:__GI___tunable_set_val
    35 ( 0.02%)  ./libio/./libio/libioP.h:_IO_default_xsputn
    34 ( 0.02%)  ./nptl/./nptl/pthread_mutex_unlock.c:pthread_mutex_unlock@@GLIBC_2.2.5 [/usr/lib/x86_64-linux-gnu/libc.so.6]
    34 ( 0.02%)  ./wcsmbs/../sysdeps/x86_64/multiarch/ifunc-wmemset.h:wmemset
    33 ( 0.02%)  ./elf/../sysdeps/posix/dl-fileid.h:_dl_map_object_from_fd
    32 ( 0.02%)  ./libio/./libio/libioP.h:_IO_do_write@@GLIBC_2.2.5
    32 ( 0.02%)  ./stdlib/./stdlib/cxa_atexit.c:__new_exitfn [/usr/lib/x86_64-linux-gnu/libc.so.6]
    32 ( 0.02%)  ???:0x0000000000109170 [???]
    30 ( 0.02%)  ./elf/../sysdeps/x86/dl-cet.c:_dl_cet_check [/usr/lib/x86_64-linux-gnu/ld-linux-x86-64.so.2]
    30 ( 0.02%)  ./elf/./elf/dl-debug.c:_dl_debug_initialize [/usr/lib/x86_64-linux-gnu/ld-linux-x86-64.so.2]
    30 ( 0.02%)  ./elf/./elf/dl-hwcaps_split.c:_dl_hwcaps_contains [/usr/lib/x86_64-linux-gnu/ld-linux-x86-64.so.2]
    30 ( 0.02%)  ./misc/../sysdeps/unix/syscall-template.S:mprotect [/usr/lib/x86_64-linux-gnu/ld-linux-x86-64.so.2]
    30 ( 0.02%)  ./posix/./posix/register-atfork.c:__unregister_atfork [/usr/lib/x86_64-linux-gnu/libc.so.6]
    30 ( 0.02%)  ./string/../sysdeps/x86_64/multiarch/ifunc-strcpy.h:strcpy
    28 ( 0.02%)  ./csu/../sysdeps/nptl/libc_start_call_main.h:(below main) [/usr/lib/x86_64-linux-gnu/libc.so.6]
    28 ( 0.02%)  ./elf/../elf/dl-tls.c:_dl_add_to_slotinfo [/usr/lib/x86_64-linux-gnu/ld-linux-x86-64.so.2]
    28 ( 0.02%)  ./io/../sysdeps/unix/sysv/linux/fstat64.c:fstat [/usr/lib/x86_64-linux-gnu/libc.so.6]
    28 ( 0.02%)  ./io/../sysdeps/unix/sysv/linux/pread64_nocancel.c:__pread64_nocancel [/usr/lib/x86_64-linux-gnu/ld-linux-x86-64.so.2]
    28 ( 0.02%)  ./stdio-common/../include/rounding-mode.h:__printf_fp_l
    28 ( 0.02%)  ./string/../sysdeps/x86_64/multiarch/strrchr-avx2.S:__strrchr_avx2 [/usr/lib/x86_64-linux-gnu/libc.so.6]
    27 ( 0.02%)  ./stdio-common/../include/../locale/localeinfo.h:__printf_fp_l

--------------------------------------------------------------------------------
-- Auto-annotated source: src/matop.c
--------------------------------------------------------------------------------
Ir          

-- line 41 ----------------------------------------
 .             fprintf(stderr,"\t-y <int>\t(segunda dimensao)\n");
 .           }
 .           
 .           
 .           void parse_args(int argc,char ** argv)
 .           // Descricao: le as opcoes da linha de comando e inicializa variaveis
 .           // Entrada: argc e argv
 .           // Saida: optescolhida, optx, opty
 6 ( 0.00%)  {
 .                // variaveis externas do getopt
 .                extern char * optarg;
 .                extern int optind;
 .           
 .                // variavel auxiliar
 .                int c;
 .           
 .                // inicializacao variaveis globais para opcoes
 1 ( 0.00%)       opescolhida = -1;
 1 ( 0.00%)       optx = -1;
 1 ( 0.00%)       opty = -1;
 1 ( 0.00%)       outnome[0] = 0;
 .           
 .                // getopt - letra indica a opcao, : junto a letra indica parametro
 .                // no caso de escolher mais de uma operacao, vale a ultima
37 ( 0.02%)       while ((c = getopt(argc, argv, "smtc:p:x:y:lh")) != EOF){
932 ( 0.53%)  => ???:0x00000000001091b0 (4x)
36 ( 0.02%)         switch(c) {
 .                    case 'm':
 .           		  avisoAssert(opescolhida==-1,"Mais de uma operacao escolhida");
 .           	          opescolhida = OPMULTIPLICAR;
 .                             break;
 .                    case 's':
 3 ( 0.00%)  		  avisoAssert(opescolhida==-1,"Mais de uma operacao escolhida");
 1 ( 0.00%)  	          opescolhida = OPSOMAR;
 1 ( 0.00%)                    break;
 .                    case 't':
 .           		  avisoAssert(opescolhida==-1,"Mais de uma operacao escolhida");
 .           	          opescolhida = OPTRANSPOR;
 .                             break;
 .                    case 'c':
 .           		  avisoAssert(opescolhida==-1,"Mais de uma operacao escolhida");
 .           	          opescolhida = OPCRIAR;
 .           	          strcpy(outnome,optarg);
 .                             break;
 .                    case 'x': 
 4 ( 0.00%)  	          optx = atoi(optarg);
115 ( 0.07%)  => ???:0x00000000001091c0 (1x)
 1 ( 0.00%)  		  break;
 .                    case 'y': 
 4 ( 0.00%)  	          opty = atoi(optarg);
115 ( 0.07%)  => ???:0x00000000001091c0 (1x)
 1 ( 0.00%)  		  break;
 .                    case 'h':
 .                    default:
 .                             uso();
 .                             exit(1);
 .           
 .                  }
 .                }
 .                // verificacao da consistencia das opcoes
 3 ( 0.00%)       erroAssert(opescolhida>0,"matop - necessario escolher operacao");
 3 ( 0.00%)       erroAssert(optx>0,"matop - dimensao X da matriz tem que ser positiva");
 3 ( 0.00%)       erroAssert(opty>0,"matop - dimensao Y da matriz tem que ser positiva");
 3 ( 0.00%)       if (opescolhida==OPCRIAR){
 .                  erroAssert(strlen(outnome)>0, "matop - nome de arquivo de saida tem que ser definido");
 .                }
 3 ( 0.00%)  }
 .           
 .           
 .           int main(int argc, char ** argv)
 .           // Descricao: programa principal para execucao de operacoes de matrizes 
 .           // Entrada: argc e argv
 .           // Saida: depende da operacao escolhida
 9 ( 0.01%)  {
 .             // ate 3 matrizes sao utilizadas, dependendo da operacao
 .             mat_tipo a, b, c;
 .             FILE * outfile;
 .           
 .             // avaliar linha de comando
 5 ( 0.00%)    parse_args(argc,argv);
1,275 ( 0.73%)  => src/matop.c:parse_args (1x)
 .           
 .             // execucao dependente da operacao escolhida
11 ( 0.01%)    switch (opescolhida){
 .               case OPSOMAR:
 .                    // cria matrizes a e b aleatorias, que sao somadas para a matriz c
 .           	 // matriz c é impressa e todas as matrizes sao destruidas
 6 ( 0.00%)           criaMatriz(&a,optx,opty,0);
28 ( 0.02%)  => /mnt/c/Users/tastc/OneDrive/Área de Trabalho/Tps_linear/Estrutura de dados/Pratica 5/src/mat.c:criaMatriz (1x)
 3 ( 0.00%)           inicializaMatrizAleatoria(&a);
1,225 ( 0.70%)  => /mnt/c/Users/tastc/OneDrive/Área de Trabalho/Tps_linear/Estrutura de dados/Pratica 5/src/mat.c:inicializaMatrizAleatoria (1x)
 6 ( 0.00%)           criaMatriz(&b,optx,opty,1);
28 ( 0.02%)  => /mnt/c/Users/tastc/OneDrive/Área de Trabalho/Tps_linear/Estrutura de dados/Pratica 5/src/mat.c:criaMatriz (1x)
 3 ( 0.00%)           inicializaMatrizAleatoria(&b);
1,222 ( 0.70%)  => /mnt/c/Users/tastc/OneDrive/Área de Trabalho/Tps_linear/Estrutura de dados/Pratica 5/src/mat.c:inicializaMatrizAleatoria (1x)
 6 ( 0.00%)           criaMatriz(&c,optx,opty,2);
28 ( 0.02%)  => /mnt/c/Users/tastc/OneDrive/Área de Trabalho/Tps_linear/Estrutura de dados/Pratica 5/src/mat.c:criaMatriz (1x)
 3 ( 0.00%)           inicializaMatrizNula(&c);
397 ( 0.23%)  => /mnt/c/Users/tastc/OneDrive/Área de Trabalho/Tps_linear/Estrutura de dados/Pratica 5/src/mat.c:inicializaMatrizNula (1x)
 6 ( 0.00%)           somaMatrizes(&a,&b,&c);
823 ( 0.47%)  => /mnt/c/Users/tastc/OneDrive/Área de Trabalho/Tps_linear/Estrutura de dados/Pratica 5/src/mat.c:somaMatrizes (1x)
 3 ( 0.00%)  	 imprimeMatriz(&c);
26,724 (15.31%)  => /mnt/c/Users/tastc/OneDrive/Área de Trabalho/Tps_linear/Estrutura de dados/Pratica 5/src/mat.c:imprimeMatriz (1x)
 3 ( 0.00%)           destroiMatriz(&a);
26 ( 0.01%)  => /mnt/c/Users/tastc/OneDrive/Área de Trabalho/Tps_linear/Estrutura de dados/Pratica 5/src/mat.c:destroiMatriz (1x)
 3 ( 0.00%)           destroiMatriz(&b);
26 ( 0.01%)  => /mnt/c/Users/tastc/OneDrive/Área de Trabalho/Tps_linear/Estrutura de dados/Pratica 5/src/mat.c:destroiMatriz (1x)
 3 ( 0.00%)           destroiMatriz(&c);
26 ( 0.01%)  => /mnt/c/Users/tastc/OneDrive/Área de Trabalho/Tps_linear/Estrutura de dados/Pratica 5/src/mat.c:destroiMatriz (1x)
 1 ( 0.00%)  	 break;
 .               case OPMULTIPLICAR:
 .                    // cria matrizes a e b aleatorias, que sao multiplicadas para matriz c
 .           	 // matriz c é impressa e todas as matrizes sao destruidas
 .                    criaMatriz(&a,optx,opty,0);
 .                    inicializaMatrizAleatoria(&a);
 .                    criaMatriz(&b,opty,optx,1);
 .                    inicializaMatrizAleatoria(&b);
 .                    criaMatriz(&c,optx,optx,2);
-- line 143 ----------------------------------------
-- line 168 ----------------------------------------
 .           	 break;
 .              default:
 .                    // nao deve ser executado, pois ha um erroAssert em parse_args
 .                    uso();
 .           	 exit(1);
 .             }
 .           
 .             // conclui registro de acesso
 1 ( 0.00%)    return 0;
 5 ( 0.00%)  }
 .           

--------------------------------------------------------------------------------
-- Auto-annotated source: src/mat.c
--------------------------------------------------------------------------------
Ir             

-- line 17 ----------------------------------------
    .           #define INITRANDOMRANGE 10
    .           // Macro que realiza swap sem variavel auxiliar
    .           #define ELEMSWAP(x,y) (x+=y,y=x-y,x-=y)
    .           
    .           void criaMatriz(mat_tipo * mat, int tx, int ty, int id)
    .           // Descricao: cria matriz com dimensoes tx X ty
    .           // Entrada: mat, tx, ty, id
    .           // Saida: mat
   32 ( 0.02%)  {
    .             // verifica se os valores de tx e ty são validos
    8 ( 0.00%)    erroAssert(tx>0,"Dimensao nula");
    8 ( 0.00%)    erroAssert(ty>0,"Dimensao nula");
    8 ( 0.00%)    erroAssert(tx<=MAXTAM,"Dimensao maior que permitido");
    8 ( 0.00%)    erroAssert(ty<=MAXTAM,"Dimensao maior que permitido");
    .           
    .             // inicializa as dimensoes da matriz
   12 ( 0.01%)    mat->tamx = tx;
   12 ( 0.01%)    mat->tamy = ty;
    .             // inicializa o identificador da matriz, para rastreamento
   12 ( 0.01%)    mat->id = id;
   12 ( 0.01%)  }
    .           
    .           void inicializaMatrizNula(mat_tipo * mat)
    .           // Descricao: inicializa mat com valores nulos 
    .           // Entrada: mat
    .           // Saida: mat
   16 ( 0.01%)  {
    .             int i, j;
    .             // inicializa todos os elementos da matriz com 0, por seguranca 
   76 ( 0.04%)    for (i=0; i<MAXTAM; i++){
  380 ( 0.22%)      for(j=0; j<MAXTAM; j++){
1,100 ( 0.63%)        mat->m[i][j] = 0;
    .               }
    .             }
   16 ( 0.01%)  }
    .           
    .           void inicializaMatrizAleatoria(mat_tipo * mat)
    .           // Descricao: inicializa mat com valores aleatorios
    .           // Entrada: mat 
    .           // Saida: mat
   10 ( 0.01%)  {
    .             int i, j;
    .             // inicializa a matriz com valores nulos, por seguranca
    6 ( 0.00%)    inicializaMatrizNula(mat);
  794 ( 0.45%)  => src/mat.c:inicializaMatrizNula (2x)
    .             // inicializa a parte alocada da matriz com valores aleatorios
   42 ( 0.02%)    for (i=0; i<mat->tamx; i++){
  126 ( 0.07%)      for(j=0; j<mat->tamy; j++){
  234 ( 0.13%)        mat->m[i][j] = drand48()*INITRANDOMRANGE;
1,227 ( 0.70%)  => ???:0x00000000001091f0 (18x)
    .               }
    .             }
    8 ( 0.00%)  }
    .           
    .           double acessaMatriz(mat_tipo * mat)
    .           // Descricao: acessa mat para fins de registro de acesso 
    .           // Entrada: mat 
    .           // Saida: mat
    .           {
    .             int i, j;
    .             double aux, s=0.0;
-- line 75 ----------------------------------------
-- line 81 ----------------------------------------
    .             }
    .             return s; // apenas para evitar que acesso seja eliminado
    .           }
    .           
    .           void imprimeMatriz(mat_tipo * mat)
    .           // Descricao: imprime a matriz com a identificacao de linhas e colunas
    .           // Entrada: mat
    .           // Saida: impressao na saida padrao (stdout) 
    5 ( 0.00%)  {
    .             int i,j;
    .           
    .             // seguranca, mas erro não deve acontecer jamais
    4 ( 0.00%)    erroAssert(mat->tamx<=MAXTAM,"Dimensao maior que permitido");
    4 ( 0.00%)    erroAssert(mat->tamy<=MAXTAM,"Dimensao maior que permitido");
    .           
    .             // imprime os identificadores de coluna
    6 ( 0.00%)    printf("%9s"," ");
3,115 ( 1.78%)  => ???:0x0000000000109170 (1x)
   21 ( 0.01%)    for(j=0; j<mat->tamy; j++)
   18 ( 0.01%)      printf("%8d ",j);
2,486 ( 1.42%)  => ???:0x0000000000109170 (3x)
    2 ( 0.00%)    printf("\n");
  216 ( 0.12%)  => ???:0x0000000000109120 (1x)
    .           
    .             // imprime as linhas
   21 ( 0.01%)    for (i=0; i<mat->tamx; i++){
   18 ( 0.01%)      printf("%8d ",i);
2,486 ( 1.42%)  => ???:0x0000000000109170 (3x)
   63 ( 0.04%)      for(j=0; j<mat->tamy; j++){
  135 ( 0.08%)        printf("%8.2f ",mat->m[i][j]);
17,466 (10.01%)  => ???:0x0000000000109170 (9x)
    .               }
    6 ( 0.00%)      printf("\n");
  648 ( 0.37%)  => ???:0x0000000000109120 (3x)
    .             }
    4 ( 0.00%)  }
    .           
    .           void salvaMatriz(mat_tipo * mat, FILE * out)
    .           // Descricao: salva a matriz em arquivo
    .           // Entrada: mat
    .           // Saida: out
    .           {
    .             int i,j;
    .           
-- line 118 ----------------------------------------
-- line 172 ----------------------------------------
    .               }
    .             }
    .           }
    .           
    .           void somaMatrizes(mat_tipo *a, mat_tipo *b, mat_tipo *c)
    .           // Descricao: soma as matrizes a e b e armazena o resultado em c
    .           // Entrada: a, b
    .           // Saida: c
    7 ( 0.00%)  {
    .             int i,j;
    .             // verifica se as dimensoes das matrizes a e b sao as mesmas
    6 ( 0.00%)    erroAssert(a->tamx==b->tamx,"Dimensoes incompativeis");
    6 ( 0.00%)    erroAssert(a->tamy==b->tamy,"Dimensoes incompativeis");
    .           
    .             // inicializa a matriz c garantindo a compatibilidade das dimensoes
    9 ( 0.01%)    criaMatriz(c,a->tamx, a->tamy, c->id);
   28 ( 0.02%)  => src/mat.c:criaMatriz (1x)
    3 ( 0.00%)    inicializaMatrizNula(c);
  397 ( 0.23%)  => src/mat.c:inicializaMatrizNula (1x)
    .           
    .             // faz a soma elemento a elemento
   21 ( 0.01%)    for (i=0; i<a->tamx; i++){
   63 ( 0.04%)      for(j=0; j<a->tamy; j++){
  279 ( 0.16%)        c->m[i][j] = a->m[i][j]+b->m[i][j];
    .               }
    .             }
    4 ( 0.00%)  }
    .           
    .           void multiplicaMatrizes(mat_tipo *a, mat_tipo *b, mat_tipo *c)
    .           // Descricao: multiplica as matrizes a e b e armazena o resultado em c
    .           // Entrada: a,b
    .           // Saida: c
    .           {
    .             int i,j,k;
    .             // verifica a compatibilidade das dimensoes 
-- line 204 ----------------------------------------
-- line 237 ----------------------------------------
    .             // inverte as dimensoes da matriz transposta
    .             ELEMSWAP(a->tamx,a->tamy);
    .           }
    .           
    .           void destroiMatriz(mat_tipo *a)
    .           // Descricao: destroi a matriz a, que se torna inacessível
    .           // Entrada: a
    .           // Saida: a
   15 ( 0.01%)  {
    .             // apenas um aviso se a matriz for destruida mais de uma vez
   24 ( 0.01%)    avisoAssert(((a->tamx>0)&&(a->tamy>0)),"Matriz já foi destruida");
    .           
    .             // torna as dimensoes invalidas
   30 ( 0.02%)    a->id = a->tamx = a->tamy = -1;
    9 ( 0.01%)  }

--------------------------------------------------------------------------------
The following files chosen for auto-annotation could not be found:
--------------------------------------------------------------------------------
  ./csu/../csu/libc-start.c
  ./csu/../sysdeps/nptl/libc_start_call_main.h
  ./elf/../bits/stdlib-bsearch.h
  ./elf/../elf/dl-sysdep.c
  ./elf/../elf/dl-tls.c
  ./elf/../sysdeps/generic/dl-hash.h
  ./elf/../sysdeps/generic/dl-protected.h
  ./elf/../sysdeps/generic/ldsodefs.h
  ./elf/../sysdeps/nptl/dl-mutex.c
  ./elf/../sysdeps/nptl/dl-tls_init_tp.c
  ./elf/../sysdeps/posix/dl-fileid.h
  ./elf/../sysdeps/unix/sysv/linux/dl-sysdep.c
  ./elf/../sysdeps/x86/cpu-features.c
  ./elf/../sysdeps/x86/dl-cacheinfo.h
  ./elf/../sysdeps/x86/dl-cet.c
  ./elf/../sysdeps/x86/dl-prop.h
  ./elf/../sysdeps/x86/get-isa-level.h
  ./elf/../sysdeps/x86_64/dl-machine.h
  ./elf/../sysdeps/x86_64/dl-trampoline.h
  ./elf/./dl-find_object.h
  ./elf/./dl-hwcaps.h
  ./elf/./dl-load.h
  ./elf/./dl-map-segments.h
  ./elf/./elf/dl-audit.c
  ./elf/./elf/dl-cache.c
  ./elf/./elf/dl-debug.c
  ./elf/./elf/dl-deps.c
  ./elf/./elf/dl-environ.c
  ./elf/./elf/dl-error-skeleton.c
  ./elf/./elf/dl-find_object.c
  ./elf/./elf/dl-fini.c
  ./elf/./elf/dl-hwcaps.c
  ./elf/./elf/dl-hwcaps_split.c
  ./elf/./elf/dl-init.c
  ./elf/./elf/dl-load.c
  ./elf/./elf/dl-lookup-direct.c
  ./elf/./elf/dl-lookup.c
  ./elf/./elf/dl-minimal-malloc.c
  ./elf/./elf/dl-minimal.c
  ./elf/./elf/dl-misc.c
  ./elf/./elf/dl-object.c
  ./elf/./elf/dl-reloc.c
  ./elf/./elf/dl-runtime.c
  ./elf/./elf/dl-setup_hash.c
  ./elf/./elf/dl-sort-maps.c
  ./elf/./elf/dl-tunables.c
  ./elf/./elf/dl-tunables.h
  ./elf/./elf/dl-version.c
  ./elf/./elf/do-rel.h
  ./elf/./elf/get-dynamic-info.h
  ./elf/./elf/rtld.c
  ./elf/./get-dynamic-info.h
  ./io/../sysdeps/unix/sysv/linux/fstat64.c
  ./io/../sysdeps/unix/sysv/linux/fstatat64.c
  ./io/../sysdeps/unix/sysv/linux/open64_nocancel.c
  ./io/../sysdeps/unix/sysv/linux/pread64_nocancel.c
  ./io/../sysdeps/unix/sysv/linux/stat64.c
  ./io/../sysdeps/unix/sysv/linux/write.c
  ./libio/./libio/filedoalloc.c
  ./libio/./libio/fileops.c
  ./libio/./libio/genops.c
  ./libio/./libio/iopadn.c
  ./libio/./libio/libioP.h
  ./libio/./libio/putchar.c
  ./malloc/./malloc/arena.c
  ./malloc/./malloc/malloc.c
  ./malloc/./malloc/scratch_buffer_set_array_size.c
  ./misc/../sysdeps/unix/syscall-template.S
  ./misc/../sysdeps/unix/sysv/linux/mmap64.c
  ./misc/./misc/sbrk.c
  ./nptl/../sysdeps/unix/sysv/linux/x86/elision-conf.c
  ./nptl/./nptl/alloca_cutoff.c
  ./nptl/./nptl/libc-cleanup.c
  ./nptl/./nptl/pthread_mutex_lock.c
  ./nptl/./nptl/pthread_mutex_unlock.c
  ./posix/./posix/getopt.c
  ./posix/./posix/register-atfork.c
  ./setjmp/../sysdeps/x86_64/setjmp.S
  ./stdio-common/../include/../locale/localeinfo.h
  ./stdio-common/../include/rounding-mode.h
  ./stdio-common/../libio/libioP.h
  ./stdio-common/../sysdeps/generic/get-rounding-mode.h
  ./stdio-common/../sysdeps/pthread/allocalim.h
  ./stdio-common/./stdio-common/_itoa.c
  ./stdio-common/./stdio-common/printf-parse.h
  ./stdio-common/./stdio-common/printf.c
  ./stdio-common/./stdio-common/printf_fp.c
  ./stdio-common/./stdio-common/vfprintf-internal.c
  ./stdlib/../stdlib/strtol_l.c
  ./stdlib/../sysdeps/ieee754/dbl-64/dbl2mpn.c
  ./stdlib/../sysdeps/x86_64/lshift.S
  ./stdlib/../sysdeps/x86_64/mul_1.S
  ./stdlib/../sysdeps/x86_64/rshift.S
  ./stdlib/./stdlib/cmp.c
  ./stdlib/./stdlib/cxa_atexit.c
  ./stdlib/./stdlib/cxa_finalize.c
  ./stdlib/./stdlib/divrem.c
  ./stdlib/./stdlib/drand48-iter.c
  ./stdlib/./stdlib/drand48.c
  ./stdlib/./stdlib/erand48_r.c
  ./stdlib/./stdlib/exit.c
  ./stdlib/./stdlib/getenv.c
  ./string/../sysdeps/x86_64/memcmp.S
  ./string/../sysdeps/x86_64/multiarch/../strchr.S
  ./string/../sysdeps/x86_64/multiarch/ifunc-avx2.h
  ./string/../sysdeps/x86_64/multiarch/ifunc-memmove.h
  ./string/../sysdeps/x86_64/multiarch/ifunc-strcpy.h
  ./string/../sysdeps/x86_64/multiarch/memmove-vec-unaligned-erms.S
  ./string/../sysdeps/x86_64/multiarch/memset-vec-unaligned-erms.S
  ./string/../sysdeps/x86_64/multiarch/strchr-avx2.S
  ./string/../sysdeps/x86_64/multiarch/strlen-avx2.S
  ./string/../sysdeps/x86_64/multiarch/strlen-vec.S
  ./string/../sysdeps/x86_64/multiarch/strrchr-avx2.S
  ./string/../sysdeps/x86_64/strcmp.S
  ./string/../sysdeps/x86_64/strcspn.S
  ./string/./string/strdup.c
  ./wcsmbs/../sysdeps/x86_64/multiarch/ifunc-avx2.h
  ./wcsmbs/../sysdeps/x86_64/multiarch/ifunc-evex.h
  ./wcsmbs/../sysdeps/x86_64/multiarch/ifunc-wmemset.h

--------------------------------------------------------------------------------
Ir             
--------------------------------------------------------------------------------
3,099 ( 1.78%)  events annotated

