--------------------------------------------------------------------------------
I1 cache:         32768 B, 64 B, 8-way associative
D1 cache:         32768 B, 64 B, 8-way associative
LL cache:         8388608 B, 64 B, direct-mapped
Command:          ./bin/matop -s -x 3 -y 3
Data file:        cachegrind.out
Events recorded:  Ir I1mr ILmr Dr D1mr DLmr Dw D1mw DLmw
Events shown:     Ir I1mr ILmr Dr D1mr DLmr Dw D1mw DLmw
Event sort order: Ir I1mr ILmr Dr D1mr DLmr Dw D1mw DLmw
Thresholds:       0.1 100 100 100 100 100 100 100 100
Include dirs:     
User annotated:   
Auto-annotation:  on

--------------------------------------------------------------------------------
Ir               I1mr           ILmr           Dr              D1mr           DLmr           Dw              D1mw         DLmw         
--------------------------------------------------------------------------------
175,514 (100.0%) 1,587 (100.0%) 1,558 (100.0%) 42,349 (100.0%) 1,696 (100.0%) 1,390 (100.0%) 18,051 (100.0%) 653 (100.0%) 606 (100.0%)  PROGRAM TOTALS

--------------------------------------------------------------------------------
Ir              I1mr        ILmr        Dr             D1mr         DLmr         Dw             D1mw         DLmw          file:function
--------------------------------------------------------------------------------
25,977 (14.80%) 18 ( 1.13%) 18 ( 1.16%) 8,739 (20.64%) 202 (11.91%) 165 (11.87%) 3,694 (20.46%)   8 ( 1.23%)   3 ( 0.50%)  ./elf/./elf/dl-lookup.c:do_lookup_x
22,205 (12.65%) 11 ( 0.69%) 11 ( 0.71%) 4,759 (11.24%)  98 ( 5.78%)  88 ( 6.33%) 2,545 (14.10%)   8 ( 1.23%)   1 ( 0.17%)  ./elf/./elf/dl-lookup.c:_dl_lookup_symbol_x
18,695 (10.65%) 25 ( 1.58%) 25 ( 1.60%) 4,689 (11.07%) 421 (24.82%) 399 (28.71%) 2,123 (11.76%) 246 (37.67%) 237 (39.11%)  ./elf/../sysdeps/x86_64/dl-machine.h:_dl_relocate_object
15,360 ( 8.75%)  5 ( 0.32%)  5 ( 0.32%) 2,816 ( 6.65%)  50 ( 2.95%)  50 ( 3.60%)     6 ( 0.03%)   1 ( 0.15%)   1 ( 0.17%)  ./elf/./elf/dl-tunables.c:__GI___tunables_init
10,231 ( 5.83%) 17 ( 1.07%) 17 ( 1.09%) 2,474 ( 5.84%) 258 (15.21%) 244 (17.55%)   399 ( 2.21%)   4 ( 0.61%)   0           ./elf/./elf/do-rel.h:_dl_relocate_object
 5,967 ( 3.40%) 42 ( 2.65%) 40 ( 2.57%) 1,315 ( 3.11%)  61 ( 3.60%)  50 ( 3.60%)     0            0            0           ./string/../sysdeps/x86_64/strcmp.S:strcmp
 5,860 ( 3.34%) 76 ( 4.79%) 76 ( 4.88%) 1,199 ( 2.83%)   7 ( 0.41%)   7 ( 0.50%)   671 ( 3.72%)   1 ( 0.15%)   1 ( 0.17%)  ./stdio-common/./stdio-common/printf_fp.c:__printf_fp_l
 5,620 ( 3.20%)  6 ( 0.38%)  6 ( 0.39%) 1,868 ( 4.41%)  65 ( 3.83%)  52 ( 3.74%)   640 ( 3.55%)   2 ( 0.31%)   1 ( 0.17%)  ./elf/./elf/dl-lookup.c:check_match
 5,160 ( 2.94%) 67 ( 4.22%) 67 ( 4.30%) 1,208 ( 2.85%)  11 ( 0.65%)   8 ( 0.58%)   830 ( 4.60%)   0            0           ./stdio-common/./stdio-common/vfprintf-internal.c:__vfprintf_internal
 3,269 ( 1.86%) 10 ( 0.63%) 10 ( 0.64%)   499 ( 1.18%)   8 ( 0.47%)   8 ( 0.58%)    78 ( 0.43%)   0            0           ./elf/../sysdeps/x86/dl-cacheinfo.h:intel_check_word.constprop.0
 2,708 ( 1.54%)  1 ( 0.06%)  1 ( 0.06%)   526 ( 1.24%)   1 ( 0.06%)   1 ( 0.07%)     0            0            0           ./elf/./elf/dl-tunables.h:__GI___tunables_init
 2,665 ( 1.52%)  5 ( 0.32%)  5 ( 0.32%)   601 ( 1.42%)   0            0            406 ( 2.25%)   1 ( 0.15%)   0           ./libio/./libio/fileops.c:_IO_file_xsputn@@GLIBC_2.2.5
 2,309 ( 1.32%) 20 ( 1.26%) 20 ( 1.28%)   789 ( 1.86%)  30 ( 1.77%)  28 ( 2.01%)   244 ( 1.35%)  22 ( 3.37%)  21 ( 3.47%)  ./elf/./elf/dl-version.c:_dl_check_map_versions
 2,222 ( 1.27%)  2 ( 0.13%)  2 ( 0.13%)     0            0            0              0            0            0           ./elf/../bits/stdlib-bsearch.h:intel_check_word.constprop.0
 1,780 ( 1.01%)  6 ( 0.38%)  6 ( 0.39%)   468 ( 1.11%)   0            0            267 ( 1.48%)   0            0           ./libio/./libio/fileops.c:_IO_file_overflow@@GLIBC_2.2.5
 1,588 ( 0.90%)  1 ( 0.06%)  1 ( 0.06%)   572 ( 1.35%)   0            0            132 ( 0.73%)   1 ( 0.15%)   0           /mnt/c/Users/tastc/OneDrive/Área de Trabalho/Tps_linear/Estrutura de dados/Pratica 5/src/mat.c:inicializaMatrizNula
 1,546 ( 0.88%) 41 ( 2.58%) 41 ( 2.63%)   331 ( 0.78%)  23 ( 1.36%)  23 ( 1.65%)   161 ( 0.89%)  13 ( 1.99%)  13 ( 2.15%)  ./elf/./elf/dl-load.c:_dl_map_object_from_fd
 1,210 ( 0.69%)  5 ( 0.32%)  5 ( 0.32%)   400 ( 0.94%)   0            0            188 ( 1.04%)   0            0           ./stdio-common/./stdio-common/printf_fp.c:hack_digit
 1,197 ( 0.68%) 71 ( 4.47%) 71 ( 4.56%)   286 ( 0.68%)  32 ( 1.89%)  21 ( 1.51%)   121 ( 0.67%)   9 ( 1.38%)   9 ( 1.49%)  ./elf/./elf/rtld.c:dl_main
   948 ( 0.54%) 34 ( 2.14%) 34 ( 2.18%)   183 ( 0.43%)   2 ( 0.12%)   2 ( 0.14%)    88 ( 0.49%)   6 ( 0.92%)   6 ( 0.99%)  ./elf/./elf/dl-deps.c:_dl_map_object_deps
   940 ( 0.54%)  0           0              0            0            0            212 ( 1.17%)   0            0           ./elf/../sysdeps/generic/dl-protected.h:do_lookup_x
   883 ( 0.50%)  5 ( 0.32%)  5 ( 0.32%)   319 ( 0.75%)  44 ( 2.59%)  44 ( 3.17%)   148 ( 0.82%)  22 ( 3.37%)  22 ( 3.63%)  ./elf/../sysdeps/x86_64/dl-machine.h:_dl_start
   815 ( 0.46%)  2 ( 0.13%)  2 ( 0.13%)   165 ( 0.39%)  20 ( 1.18%)  20 ( 1.44%)     0            0            0           ./elf/./elf/do-rel.h:_dl_start
   798 ( 0.45%)  3 ( 0.19%)  3 ( 0.19%)   114 ( 0.27%)   0            0             76 ( 0.42%)   0            0           ./stdlib/../sysdeps/x86_64/mul_1.S:__mpn_mul_1
   776 ( 0.44%)  2 ( 0.13%)  2 ( 0.13%)     0            0            0            131 ( 0.73%)  35 ( 5.36%)  34 ( 5.61%)  ./malloc/./malloc/malloc.c:ptmalloc_init.part.0
   770 ( 0.44%) 37 ( 2.33%) 37 ( 2.37%)   142 ( 0.34%)   0            0            126 ( 0.70%)   9 ( 1.38%)   9 ( 1.49%)  ./elf/./elf/dl-hwcaps.c:_dl_important_hwcaps
   754 ( 0.43%)  4 ( 0.25%)  4 ( 0.26%)   111 ( 0.26%)   8 ( 0.47%)   8 ( 0.58%)     0            0            0           ./elf/./elf/dl-cache.c:_dl_cache_libcmp
   701 ( 0.40%)  2 ( 0.13%)  2 ( 0.13%)   125 ( 0.30%)   1 ( 0.06%)   1 ( 0.07%)    73 ( 0.40%)   1 ( 0.15%)   1 ( 0.17%)  ./string/../sysdeps/x86_64/multiarch/memmove-vec-unaligned-erms.S:__memcpy_avx_unaligned_erms
   681 ( 0.39%) 15 ( 0.95%) 15 ( 0.96%)   208 ( 0.49%)   0            0             90 ( 0.50%)   5 ( 0.77%)   5 ( 0.83%)  ./elf/./elf/dl-load.c:open_path
   677 ( 0.39%)  3 ( 0.19%)  3 ( 0.19%)   132 ( 0.31%)  37 ( 2.18%)  17 ( 1.22%)    33 ( 0.18%)   0            0           ./elf/./elf/dl-tunables.c:__tunable_get_val
   663 ( 0.38%) 21 ( 1.32%) 21 ( 1.35%)   148 ( 0.35%)   6 ( 0.35%)   6 ( 0.43%)    92 ( 0.51%)   5 ( 0.77%)   5 ( 0.83%)  ./elf/./elf/dl-load.c:open_verify.constprop.0
   656 ( 0.37%)  5 ( 0.32%)  5 ( 0.32%)   192 ( 0.45%)   0            0            128 ( 0.71%)   0            0           ./libio/./libio/iopadn.c:_IO_padn
   649 ( 0.37%)  4 ( 0.25%)  4 ( 0.26%)   125 ( 0.30%)   2 ( 0.12%)   1 ( 0.07%)   125 ( 0.69%)   3 ( 0.46%)   2 ( 0.33%)  ./elf/./elf/dl-minimal-malloc.c:__minimal_malloc
   608 ( 0.35%)  2 ( 0.13%)  2 ( 0.13%)    64 ( 0.15%)   1 ( 0.06%)   1 ( 0.07%)     0            0            0           ./string/../sysdeps/x86_64/multiarch/strchr-avx2.S:__strchrnul_avx2
   596 ( 0.34%)  4 ( 0.25%)  4 ( 0.26%)    98 ( 0.23%)   0            0            158 ( 0.88%)   1 ( 0.15%)   1 ( 0.17%)  ./elf/../sysdeps/x86/dl-cacheinfo.h:handle_intel.constprop.0
   585 ( 0.33%) 15 ( 0.95%) 15 ( 0.96%)   105 ( 0.25%)   4 ( 0.24%)   4 ( 0.29%)   108 ( 0.60%)  24 ( 3.68%)  24 ( 3.96%)  ./elf/./elf/dl-object.c:_dl_new_object
   558 ( 0.32%)  2 ( 0.13%)  2 ( 0.13%)   126 ( 0.30%)   1 ( 0.06%)   1 ( 0.07%)    72 ( 0.40%)   0            0           ./stdlib/./stdlib/erand48_r.c:erand48_r
   553 ( 0.32%) 16 ( 1.01%) 16 ( 1.03%)   187 ( 0.44%)  22 ( 1.30%)   0             80 ( 0.44%)   0            0           ./elf/./elf/dl-reloc.c:_dl_relocate_object
   552 ( 0.31%)  4 ( 0.25%)  4 ( 0.26%)    96 ( 0.23%)   0            0            248 ( 1.37%)   0            0           ./stdio-common/./stdio-common/printf.c:printf
   541 ( 0.31%)  4 ( 0.25%)  4 ( 0.26%)   155 ( 0.37%)   4 ( 0.24%)   3 ( 0.22%)   105 ( 0.58%)  13 ( 1.99%)  13 ( 2.15%)  ./string/../sysdeps/x86_64/multiarch/memmove-vec-unaligned-erms.S:memcpy
   508 ( 0.29%) 10 ( 0.63%) 10 ( 0.64%)    88 ( 0.21%)  15 ( 0.88%)  15 ( 1.08%)    39 ( 0.22%)  11 ( 1.68%)  11 ( 1.82%)  ./elf/./elf/get-dynamic-info.h:_dl_map_object_from_fd
   495 ( 0.28%)  1 ( 0.06%)  1 ( 0.06%)    99 ( 0.23%)   0            0              0            0            0           ./elf/../sysdeps/generic/ldsodefs.h:do_lookup_x
   472 ( 0.27%) 39 ( 2.46%) 32 ( 2.05%)   202 ( 0.48%)   6 ( 0.35%)   0             20 ( 0.11%)   1 ( 0.15%)   1 ( 0.17%)  ???:???
   462 ( 0.26%) 24 ( 1.51%) 24 ( 1.54%)   103 ( 0.24%)   1 ( 0.06%)   1 ( 0.07%)    74 ( 0.41%)   7 ( 1.07%)   7 ( 1.16%)  ./elf/./elf/dl-load.c:_dl_map_object
   462 ( 0.26%)  2 ( 0.13%)  2 ( 0.13%)   168 ( 0.40%)   0            0             42 ( 0.23%)   0            0           ./libio/./libio/genops.c:__overflow
   460 ( 0.26%) 18 ( 1.13%) 18 ( 1.16%)   137 ( 0.32%)   1 ( 0.06%)   1 ( 0.07%)    70 ( 0.39%)   0            0           ./posix/./posix/getopt.c:_getopt_internal_r
   437 ( 0.25%)  3 ( 0.19%)  3 ( 0.19%)    92 ( 0.22%)   1 ( 0.06%)   1 ( 0.07%)    76 ( 0.42%)   0            0           ./elf/./elf/dl-hwcaps_split.c:_dl_hwcaps_split_masked
   429 ( 0.24%) 16 ( 1.01%) 16 ( 1.03%)   104 ( 0.25%)  15 ( 0.88%)  13 ( 0.94%)    40 ( 0.22%)   7 ( 1.07%)   7 ( 1.16%)  ./elf/../elf/dl-sysdep.c:_dl_sysdep_start
   426 ( 0.24%)  3 ( 0.19%)  3 ( 0.19%)   198 ( 0.47%)   1 ( 0.06%)   1 ( 0.07%)    50 ( 0.28%)   0            0           /mnt/c/Users/tastc/OneDrive/Área de Trabalho/Tps_linear/Estrutura de dados/Pratica 5/src/mat.c:inicializaMatrizAleatoria
   425 ( 0.24%)  5 ( 0.32%)  5 ( 0.32%)   112 ( 0.26%)   0            0            109 ( 0.60%)   0            0           ./stdlib/./stdlib/divrem.c:__mpn_divrem
   408 ( 0.23%)  6 ( 0.38%)  5 ( 0.32%)    51 ( 0.12%)   3 ( 0.18%)   3 ( 0.22%)     0            0            0           ./string/../sysdeps/x86_64/multiarch/../strchr.S:index
   398 ( 0.23%)  8 ( 0.50%)  8 ( 0.51%)   177 ( 0.42%)   0            0             19 ( 0.11%)   0            0           /mnt/c/Users/tastc/OneDrive/Área de Trabalho/Tps_linear/Estrutura de dados/Pratica 5/src/mat.c:somaMatrizes
   387 ( 0.22%)  2 ( 0.13%)  2 ( 0.13%)   103 ( 0.24%)   0            0             60 ( 0.33%)   1 ( 0.15%)   1 ( 0.17%)  ./elf/./elf/dl-misc.c:_dl_name_match_p
   380 ( 0.22%)  3 ( 0.19%)  3 ( 0.19%)    50 ( 0.12%)   3 ( 0.18%)   3 ( 0.22%)     0            0            0           ./string/../sysdeps/x86_64/multiarch/strlen-vec.S:strlen
   363 ( 0.21%)  2 ( 0.13%)  2 ( 0.13%)   124 ( 0.29%)   1 ( 0.06%)   1 ( 0.07%)    38 ( 0.21%)   0            0           ./stdlib/./stdlib/drand48-iter.c:__drand48_iterate
   358 ( 0.20%)  1 ( 0.06%)  1 ( 0.06%)    73 ( 0.17%)   0            0             64 ( 0.35%)   0            0           ./stdio-common/./stdio-common/printf-parse.h:__vfprintf_internal
   350 ( 0.20%)  3 ( 0.19%)  3 ( 0.19%)     7 ( 0.02%)   0            0            319 ( 1.77%)  41 ( 6.28%)  41 ( 6.77%)  ./elf/../elf/dl-tls.c:_dl_allocate_tls_storage
   334 ( 0.19%)  3 ( 0.19%)  3 ( 0.19%)     7 ( 0.02%)   0            0            146 ( 0.81%)  35 ( 5.36%)  35 ( 5.78%)  ./string/../sysdeps/x86_64/multiarch/memset-vec-unaligned-erms.S:memset
   331 ( 0.19%) 11 ( 0.69%) 11 ( 0.71%)    57 ( 0.13%)   8 ( 0.47%)   8 ( 0.58%)    30 ( 0.17%)   6 ( 0.92%)   6 ( 0.99%)  ./elf/./get-dynamic-info.h:dl_main
   312 ( 0.18%) 16 ( 1.01%) 16 ( 1.03%)    53 ( 0.13%)   2 ( 0.12%)   2 ( 0.14%)    54 ( 0.30%)   5 ( 0.77%)   5 ( 0.83%)  ./elf/./elf/dl-load.c:_dl_init_paths
   309 ( 0.18%) 16 ( 1.01%) 16 ( 1.03%)    62 ( 0.15%)   8 ( 0.47%)   8 ( 0.58%)    36 ( 0.20%)   0            0           ./elf/./elf/dl-cache.c:_dl_load_cache_lookup
   309 ( 0.18%)  0           0            103 ( 0.24%)   0            0              0            0            0           ./elf/../sysdeps/generic/ldsodefs.h:_dl_relocate_object
   307 ( 0.17%)  8 ( 0.50%)  8 ( 0.51%)   123 ( 0.29%)   0            0             27 ( 0.15%)   0            0           /mnt/c/Users/tastc/OneDrive/Área de Trabalho/Tps_linear/Estrutura de dados/Pratica 5/src/mat.c:imprimeMatriz
   303 ( 0.17%)  7 ( 0.44%)  7 ( 0.45%)    94 ( 0.22%)   0            0             31 ( 0.17%)   1 ( 0.15%)   1 ( 0.17%)  ./elf/./dl-map-segments.h:_dl_map_object_from_fd
   294 ( 0.17%)  0           0              0            0            0              0            0            0           ./libio/./libio/libioP.h:__overflow
   284 ( 0.16%)  6 ( 0.38%)  3 ( 0.19%)    93 ( 0.22%)   1 ( 0.06%)   0             48 ( 0.27%)   0            0           ./elf/./elf/dl-sort-maps.c:dfs_traversal.part.0
   277 ( 0.16%)  2 ( 0.13%)  2 ( 0.13%)    13 ( 0.03%)   0            0             23 ( 0.13%)   0            0           ./io/../sysdeps/unix/sysv/linux/open64_nocancel.c:__open_nocancel
   274 ( 0.16%) 24 ( 1.51%) 24 ( 1.54%)    45 ( 0.11%)   0            0             47 ( 0.26%)   4 ( 0.61%)   4 ( 0.66%)  ./malloc/./malloc/malloc.c:_int_malloc
   270 ( 0.15%)  2 ( 0.13%)  2 ( 0.13%)    90 ( 0.21%)   0            0             36 ( 0.20%)   0            0           ./stdlib/./stdlib/drand48.c:drand48
   268 ( 0.15%)  7 ( 0.44%)  7 ( 0.45%)    95 ( 0.22%)  10 ( 0.59%)   7 ( 0.50%)    39 ( 0.22%)   0            0           ./elf/./elf/dl-lookup-direct.c:_dl_lookup_direct
   259 ( 0.15%)  0           0             39 ( 0.09%)   1 ( 0.06%)   0             16 ( 0.09%)   0            0           ./stdio-common/../libio/libioP.h:__vfprintf_internal
   257 ( 0.15%)  3 ( 0.19%)  3 ( 0.19%)    69 ( 0.16%)  40 ( 2.36%)   8 ( 0.58%)    16 ( 0.09%)   3 ( 0.46%)   2 ( 0.33%)  ./elf/./dl-find_object.h:_dl_find_object_from_map
   254 ( 0.14%) 20 ( 1.26%)  9 ( 0.58%)    60 ( 0.14%)   1 ( 0.06%)   0             28 ( 0.16%)   0            0           ./elf/./elf/dl-sort-maps.c:_dl_sort_maps
   254 ( 0.14%) 12 ( 0.76%) 12 ( 0.77%)    70 ( 0.17%)   2 ( 0.12%)   0             36 ( 0.20%)   1 ( 0.15%)   0           ./elf/./elf/dl-fini.c:_dl_fini
   251 ( 0.14%) 12 ( 0.76%) 12 ( 0.77%)    55 ( 0.13%)  11 ( 0.65%)  11 ( 0.79%)    12 ( 0.07%)   2 ( 0.31%)   2 ( 0.33%)  ./elf/./elf/dl-load.c:open_verify.constprop.1
   248 ( 0.14%)  2 ( 0.13%)  2 ( 0.13%)    77 ( 0.18%)   2 ( 0.12%)   2 ( 0.14%)     1 ( 0.01%)   0            0           ./elf/./elf/dl-minimal.c:strsep
   245 ( 0.14%)  4 ( 0.25%)  4 ( 0.26%)    35 ( 0.08%)   0            0             20 ( 0.11%)   0            0           ./elf/./elf/dl-tunables.c:__GI___tunable_set_val
   243 ( 0.14%)  7 ( 0.44%)  7 ( 0.45%)    44 ( 0.10%)   6 ( 0.35%)   6 ( 0.43%)    18 ( 0.10%)   6 ( 0.92%)   6 ( 0.99%)  ./elf/./get-dynamic-info.h:_dl_start
   239 ( 0.14%)  4 ( 0.25%)  4 ( 0.26%)    81 ( 0.19%)  19 ( 1.12%)   7 ( 0.50%)     7 ( 0.04%)   0            0           ./stdlib/./stdlib/getenv.c:getenv
   239 ( 0.14%)  2 ( 0.13%)  2 ( 0.13%)    84 ( 0.20%)   0            0              2 ( 0.01%)   0            0           ./elf/./elf/dl-environ.c:_dl_next_ld_env_entry
   233 ( 0.13%)  3 ( 0.19%)  3 ( 0.19%)   108 ( 0.26%)   2 ( 0.12%)   2 ( 0.14%)    34 ( 0.19%)   4 ( 0.61%)   4 ( 0.66%)  ./string/../sysdeps/x86_64/strcspn.S:strcspn
   221 ( 0.13%)  5 ( 0.32%)  5 ( 0.32%)    65 ( 0.15%)   0            0             44 ( 0.24%)   0            0           ./libio/./libio/fileops.c:_IO_do_write@@GLIBC_2.2.5
   219 ( 0.12%) 13 ( 0.82%) 13 ( 0.83%)    20 ( 0.05%)   0            0             16 ( 0.09%)   0            0           ./elf/../sysdeps/x86/dl-cacheinfo.h:get_common_cache_info.constprop.0
   212 ( 0.12%)  5 ( 0.32%)  5 ( 0.32%)    38 ( 0.09%)   1 ( 0.06%)   1 ( 0.07%)    17 ( 0.09%)   0            0           ./elf/../sysdeps/x86/dl-prop.h:_dl_map_object_from_fd
   207 ( 0.12%) 21 ( 1.32%) 21 ( 1.35%)    32 ( 0.08%)   0            0             71 ( 0.39%)   3 ( 0.46%)   3 ( 0.50%)  ./elf/../sysdeps/x86/dl-cacheinfo.h:init_cpu_features.constprop.0
   206 ( 0.12%) 10 ( 0.63%) 10 ( 0.64%)    34 ( 0.08%)   3 ( 0.18%)   1 ( 0.07%)    20 ( 0.11%)   0            0           ./stdlib/../stdlib/strtol_l.c:____strtol_l_internal
   198 ( 0.11%)  2 ( 0.13%)  2 ( 0.13%)     9 ( 0.02%)   0            0             36 ( 0.20%)   0            0           ./stdlib/../sysdeps/ieee754/dbl-64/dbl2mpn.c:__mpn_extract_double
   197 ( 0.11%)  9 ( 0.57%)  9 ( 0.58%)    41 ( 0.10%)   0            0             11 ( 0.06%)   0            0           ./elf/../sysdeps/x86/dl-prop.h:dl_main
   188 ( 0.11%)  7 ( 0.44%)  7 ( 0.45%)    68 ( 0.16%)   8 ( 0.47%)   1 ( 0.07%)    18 ( 0.10%)   1 ( 0.15%)   0           ./elf/./elf/dl-runtime.c:_dl_fixup
   184 ( 0.10%)  1 ( 0.06%)  1 ( 0.06%)     0            0            0              0            0            0           ./string/../sysdeps/x86_64/multiarch/memmove-vec-unaligned-erms.S:__mempcpy_avx_unaligned_erms
   180 ( 0.10%)  1 ( 0.06%)  1 ( 0.06%)    54 ( 0.13%)   1 ( 0.06%)   0             72 ( 0.40%)   0            0           ./nptl/./nptl/libc-cleanup.c:__libc_cleanup_push_defer

--------------------------------------------------------------------------------
-- Auto-annotated source: /mnt/c/Users/tastc/OneDrive/Área de Trabalho/Tps_linear/Estrutura de dados/Pratica 5/src/mat.c
--------------------------------------------------------------------------------
Ir             I1mr       ILmr       Dr           D1mr       DLmr       Dw           D1mw       DLmw       

-- line 17 ----------------------------------------
    .          .          .            .          .          .            .          .          .           #define INITRANDOMRANGE 10
    .          .          .            .          .          .            .          .          .           // Macro que realiza swap sem variavel auxiliar
    .          .          .            .          .          .            .          .          .           #define ELEMSWAP(x,y) (x+=y,y=x-y,x-=y)
    .          .          .            .          .          .            .          .          .           
    .          .          .            .          .          .            .          .          .           void criaMatriz(mat_tipo * mat, int tx, int ty, int id)
    .          .          .            .          .          .            .          .          .           // Descricao: cria matriz com dimensoes tx X ty
    .          .          .            .          .          .            .          .          .           // Entrada: mat, tx, ty, id
    .          .          .            .          .          .            .          .          .           // Saida: mat
   32 ( 0.02%) 2 ( 0.13%) 2 ( 0.13%)   0          0          0           20 ( 0.11%) 0          0           {
    .          .          .            .          .          .            .          .          .             // verifica se os valores de tx e ty são validos
    8 ( 0.00%) 0          0            4 ( 0.01%) 0          0            0          0          0             erroAssert(tx>0,"Dimensao nula");
    8 ( 0.00%) 1 ( 0.06%) 1 ( 0.06%)   4 ( 0.01%) 0          0            0          0          0             erroAssert(ty>0,"Dimensao nula");
    8 ( 0.00%) 1 ( 0.06%) 1 ( 0.06%)   4 ( 0.01%) 0          0            0          0          0             erroAssert(tx<=MAXTAM,"Dimensao maior que permitido");
    8 ( 0.00%) 1 ( 0.06%) 1 ( 0.06%)   4 ( 0.01%) 0          0            0          0          0             erroAssert(ty<=MAXTAM,"Dimensao maior que permitido");
    .          .          .            .          .          .            .          .          .           
    .          .          .            .          .          .            .          .          .             // inicializa as dimensoes da matriz
   12 ( 0.01%) 1 ( 0.06%) 1 ( 0.06%)   8 ( 0.02%) 0          0            4 ( 0.02%) 1 ( 0.15%) 0             mat->tamx = tx;
   12 ( 0.01%) 0          0            8 ( 0.02%) 0          0            4 ( 0.02%) 0          0             mat->tamy = ty;
    .          .          .            .          .          .            .          .          .             // inicializa o identificador da matriz, para rastreamento
   12 ( 0.01%) 0          0            8 ( 0.02%) 0          0            4 ( 0.02%) 0          0             mat->id = id;
   12 ( 0.01%) 0          0            8 ( 0.02%) 0          0            0          0          0           }
    .          .          .            .          .          .            .          .          .           
    .          .          .            .          .          .            .          .          .           void inicializaMatrizNula(mat_tipo * mat)
    .          .          .            .          .          .            .          .          .           // Descricao: inicializa mat com valores nulos 
    .          .          .            .          .          .            .          .          .           // Entrada: mat
    .          .          .            .          .          .            .          .          .           // Saida: mat
   16 ( 0.01%) 0          0            0          0          0            8 ( 0.04%) 0          0           {
    .          .          .            .          .          .            .          .          .             int i, j;
    .          .          .            .          .          .            .          .          .             // inicializa todos os elementos da matriz com 0, por seguranca 
   76 ( 0.04%) 1 ( 0.06%) 1 ( 0.06%)  44 ( 0.10%) 0          0            4 ( 0.02%) 0          0             for (i=0; i<MAXTAM; i++){
  380 ( 0.22%) 0          0          220 ( 0.52%) 0          0           20 ( 0.11%) 0          0               for(j=0; j<MAXTAM; j++){
1,100 ( 0.63%) 0          0          300 ( 0.71%) 0          0          100 ( 0.55%) 1 ( 0.15%) 0                 mat->m[i][j] = 0;
    .          .          .            .          .          .            .          .          .               }
    .          .          .            .          .          .            .          .          .             }
   16 ( 0.01%) 0          0            8 ( 0.02%) 0          0            0          0          0           }
    .          .          .            .          .          .            .          .          .           
    .          .          .            .          .          .            .          .          .           void inicializaMatrizAleatoria(mat_tipo * mat)
    .          .          .            .          .          .            .          .          .           // Descricao: inicializa mat com valores aleatorios
    .          .          .            .          .          .            .          .          .           // Entrada: mat 
    .          .          .            .          .          .            .          .          .           // Saida: mat
   10 ( 0.01%) 1 ( 0.06%) 1 ( 0.06%)   0          0          0            4 ( 0.02%) 0          0           {
    .          .          .            .          .          .            .          .          .             int i, j;
    .          .          .            .          .          .            .          .          .             // inicializa a matriz com valores nulos, por seguranca
    6 ( 0.00%) 0          0            2 ( 0.00%) 0          0            2 ( 0.01%) 0          0             inicializaMatrizNula(mat);
    .          .          .            .          .          .            .          .          .             // inicializa a parte alocada da matriz com valores aleatorios
   42 ( 0.02%) 1 ( 0.06%) 1 ( 0.06%)  30 ( 0.07%) 0          0            2 ( 0.01%) 0          0             for (i=0; i<mat->tamx; i++){
  126 ( 0.07%) 1 ( 0.06%) 1 ( 0.06%)  90 ( 0.21%) 0          0            6 ( 0.03%) 0          0               for(j=0; j<mat->tamy; j++){
  234 ( 0.13%) 0          0           72 ( 0.17%) 1 ( 0.06%) 1 ( 0.07%)  36 ( 0.20%) 0          0                 mat->m[i][j] = drand48()*INITRANDOMRANGE;
    .          .          .            .          .          .            .          .          .               }
    .          .          .            .          .          .            .          .          .             }
    8 ( 0.00%) 0          0            4 ( 0.01%) 0          0            0          0          0           }
    .          .          .            .          .          .            .          .          .           
    .          .          .            .          .          .            .          .          .           double acessaMatriz(mat_tipo * mat)
    .          .          .            .          .          .            .          .          .           // Descricao: acessa mat para fins de registro de acesso 
    .          .          .            .          .          .            .          .          .           // Entrada: mat 
    .          .          .            .          .          .            .          .          .           // Saida: mat
    .          .          .            .          .          .            .          .          .           {
    .          .          .            .          .          .            .          .          .             int i, j;
    .          .          .            .          .          .            .          .          .             double aux, s=0.0;
-- line 75 ----------------------------------------
-- line 81 ----------------------------------------
    .          .          .            .          .          .            .          .          .             }
    .          .          .            .          .          .            .          .          .             return s; // apenas para evitar que acesso seja eliminado
    .          .          .            .          .          .            .          .          .           }
    .          .          .            .          .          .            .          .          .           
    .          .          .            .          .          .            .          .          .           void imprimeMatriz(mat_tipo * mat)
    .          .          .            .          .          .            .          .          .           // Descricao: imprime a matriz com a identificacao de linhas e colunas
    .          .          .            .          .          .            .          .          .           // Entrada: mat
    .          .          .            .          .          .            .          .          .           // Saida: impressao na saida padrao (stdout) 
    5 ( 0.00%) 1 ( 0.06%) 1 ( 0.06%)   0          0          0            2 ( 0.01%) 0          0           {
    .          .          .            .          .          .            .          .          .             int i,j;
    .          .          .            .          .          .            .          .          .           
    .          .          .            .          .          .            .          .          .             // seguranca, mas erro não deve acontecer jamais
    4 ( 0.00%) 1 ( 0.06%) 1 ( 0.06%)   2 ( 0.00%) 0          0            0          0          0             erroAssert(mat->tamx<=MAXTAM,"Dimensao maior que permitido");
    4 ( 0.00%) 1 ( 0.06%) 1 ( 0.06%)   2 ( 0.00%) 0          0            0          0          0             erroAssert(mat->tamy<=MAXTAM,"Dimensao maior que permitido");
    .          .          .            .          .          .            .          .          .           
    .          .          .            .          .          .            .          .          .             // imprime os identificadores de coluna
    6 ( 0.00%) 1 ( 0.06%) 1 ( 0.06%)   0          0          0            1 ( 0.01%) 0          0             printf("%9s"," ");
   21 ( 0.01%) 1 ( 0.06%) 1 ( 0.06%)  15 ( 0.04%) 0          0            1 ( 0.01%) 0          0             for(j=0; j<mat->tamy; j++)
   18 ( 0.01%) 0          0            3 ( 0.01%) 0          0            3 ( 0.02%) 0          0               printf("%8d ",j);
    2 ( 0.00%) 0          0            0          0          0            1 ( 0.01%) 0          0             printf("\n");
    .          .          .            .          .          .            .          .          .           
    .          .          .            .          .          .            .          .          .             // imprime as linhas
   21 ( 0.01%) 1 ( 0.06%) 1 ( 0.06%)  15 ( 0.04%) 0          0            1 ( 0.01%) 0          0             for (i=0; i<mat->tamx; i++){
   18 ( 0.01%) 1 ( 0.06%) 1 ( 0.06%)   3 ( 0.01%) 0          0            3 ( 0.02%) 0          0               printf("%8d ",i);
   63 ( 0.04%) 0          0           45 ( 0.11%) 0          0            3 ( 0.02%) 0          0               for(j=0; j<mat->tamy; j++){
  135 ( 0.08%) 0          0           36 ( 0.09%) 0          0            9 ( 0.05%) 0          0                 printf("%8.2f ",mat->m[i][j]);
    .          .          .            .          .          .            .          .          .               }
    6 ( 0.00%) 0          0            0          0          0            3 ( 0.02%) 0          0               printf("\n");
    .          .          .            .          .          .            .          .          .             }
    4 ( 0.00%) 1 ( 0.06%) 1 ( 0.06%)   2 ( 0.00%) 0          0            0          0          0           }
    .          .          .            .          .          .            .          .          .           
    .          .          .            .          .          .            .          .          .           void salvaMatriz(mat_tipo * mat, FILE * out)
    .          .          .            .          .          .            .          .          .           // Descricao: salva a matriz em arquivo
    .          .          .            .          .          .            .          .          .           // Entrada: mat
    .          .          .            .          .          .            .          .          .           // Saida: out
    .          .          .            .          .          .            .          .          .           {
    .          .          .            .          .          .            .          .          .             int i,j;
    .          .          .            .          .          .            .          .          .           
-- line 118 ----------------------------------------
-- line 172 ----------------------------------------
    .          .          .            .          .          .            .          .          .               }
    .          .          .            .          .          .            .          .          .             }
    .          .          .            .          .          .            .          .          .           }
    .          .          .            .          .          .            .          .          .           
    .          .          .            .          .          .            .          .          .           void somaMatrizes(mat_tipo *a, mat_tipo *b, mat_tipo *c)
    .          .          .            .          .          .            .          .          .           // Descricao: soma as matrizes a e b e armazena o resultado em c
    .          .          .            .          .          .            .          .          .           // Entrada: a, b
    .          .          .            .          .          .            .          .          .           // Saida: c
    7 ( 0.00%) 2 ( 0.13%) 2 ( 0.13%)   0          0          0            4 ( 0.02%) 0          0           {
    .          .          .            .          .          .            .          .          .             int i,j;
    .          .          .            .          .          .            .          .          .             // verifica se as dimensoes das matrizes a e b sao as mesmas
    6 ( 0.00%) 0          0            4 ( 0.01%) 0          0            0          0          0             erroAssert(a->tamx==b->tamx,"Dimensoes incompativeis");
    6 ( 0.00%) 1 ( 0.06%) 1 ( 0.06%)   4 ( 0.01%) 0          0            0          0          0             erroAssert(a->tamy==b->tamy,"Dimensoes incompativeis");
    .          .          .            .          .          .            .          .          .           
    .          .          .            .          .          .            .          .          .             // inicializa a matriz c garantindo a compatibilidade das dimensoes
    9 ( 0.01%) 2 ( 0.13%) 2 ( 0.13%)   7 ( 0.02%) 0          0            1 ( 0.01%) 0          0             criaMatriz(c,a->tamx, a->tamy, c->id);
    3 ( 0.00%) 0          0            1 ( 0.00%) 0          0            1 ( 0.01%) 0          0             inicializaMatrizNula(c);
    .          .          .            .          .          .            .          .          .           
    .          .          .            .          .          .            .          .          .             // faz a soma elemento a elemento
   21 ( 0.01%) 2 ( 0.13%) 2 ( 0.13%)  15 ( 0.04%) 0          0            1 ( 0.01%) 0          0             for (i=0; i<a->tamx; i++){
   63 ( 0.04%) 0          0           45 ( 0.11%) 0          0            3 ( 0.02%) 0          0               for(j=0; j<a->tamy; j++){
  279 ( 0.16%) 1 ( 0.06%) 1 ( 0.06%)  99 ( 0.23%) 0          0            9 ( 0.05%) 0          0                 c->m[i][j] = a->m[i][j]+b->m[i][j];
    .          .          .            .          .          .            .          .          .               }
    .          .          .            .          .          .            .          .          .             }
    4 ( 0.00%) 0          0            2 ( 0.00%) 0          0            0          0          0           }
    .          .          .            .          .          .            .          .          .           
    .          .          .            .          .          .            .          .          .           void multiplicaMatrizes(mat_tipo *a, mat_tipo *b, mat_tipo *c)
    .          .          .            .          .          .            .          .          .           // Descricao: multiplica as matrizes a e b e armazena o resultado em c
    .          .          .            .          .          .            .          .          .           // Entrada: a,b
    .          .          .            .          .          .            .          .          .           // Saida: c
    .          .          .            .          .          .            .          .          .           {
    .          .          .            .          .          .            .          .          .             int i,j,k;
    .          .          .            .          .          .            .          .          .             // verifica a compatibilidade das dimensoes 
-- line 204 ----------------------------------------
-- line 237 ----------------------------------------
    .          .          .            .          .          .            .          .          .             // inverte as dimensoes da matriz transposta
    .          .          .            .          .          .            .          .          .             ELEMSWAP(a->tamx,a->tamy);
    .          .          .            .          .          .            .          .          .           }
    .          .          .            .          .          .            .          .          .           
    .          .          .            .          .          .            .          .          .           void destroiMatriz(mat_tipo *a)
    .          .          .            .          .          .            .          .          .           // Descricao: destroi a matriz a, que se torna inacessível
    .          .          .            .          .          .            .          .          .           // Entrada: a
    .          .          .            .          .          .            .          .          .           // Saida: a
   15 ( 0.01%) 2 ( 0.13%) 2 ( 0.13%)   0          0          0            6 ( 0.03%) 0          0           {
    .          .          .            .          .          .            .          .          .             // apenas um aviso se a matriz for destruida mais de uma vez
   24 ( 0.01%) 0          0           12 ( 0.03%) 0          0            0          0          0             avisoAssert(((a->tamx>0)&&(a->tamy>0)),"Matriz já foi destruida");
    .          .          .            .          .          .            .          .          .           
    .          .          .            .          .          .            .          .          .             // torna as dimensoes invalidas
   30 ( 0.02%) 2 ( 0.13%) 2 ( 0.13%)  21 ( 0.05%) 0          0            9 ( 0.05%) 0          0             a->id = a->tamx = a->tamy = -1;
    9 ( 0.01%) 0          0            6 ( 0.01%) 0          0            0          0          0           }

--------------------------------------------------------------------------------
The following files chosen for auto-annotation could not be found:
--------------------------------------------------------------------------------
  ./elf/../bits/stdlib-bsearch.h
  ./elf/../elf/dl-sysdep.c
  ./elf/../elf/dl-tls.c
  ./elf/../sysdeps/generic/dl-protected.h
  ./elf/../sysdeps/generic/ldsodefs.h
  ./elf/../sysdeps/x86/dl-cacheinfo.h
  ./elf/../sysdeps/x86/dl-prop.h
  ./elf/../sysdeps/x86_64/dl-machine.h
  ./elf/./dl-find_object.h
  ./elf/./dl-map-segments.h
  ./elf/./elf/dl-cache.c
  ./elf/./elf/dl-deps.c
  ./elf/./elf/dl-environ.c
  ./elf/./elf/dl-fini.c
  ./elf/./elf/dl-hwcaps.c
  ./elf/./elf/dl-hwcaps_split.c
  ./elf/./elf/dl-load.c
  ./elf/./elf/dl-lookup-direct.c
  ./elf/./elf/dl-lookup.c
  ./elf/./elf/dl-minimal-malloc.c
  ./elf/./elf/dl-minimal.c
  ./elf/./elf/dl-misc.c
  ./elf/./elf/dl-object.c
  ./elf/./elf/dl-reloc.c
  ./elf/./elf/dl-runtime.c
  ./elf/./elf/dl-sort-maps.c
  ./elf/./elf/dl-tunables.c
  ./elf/./elf/dl-tunables.h
  ./elf/./elf/dl-version.c
  ./elf/./elf/do-rel.h
  ./elf/./elf/get-dynamic-info.h
  ./elf/./elf/rtld.c
  ./elf/./get-dynamic-info.h
  ./io/../sysdeps/unix/sysv/linux/open64_nocancel.c
  ./libio/./libio/fileops.c
  ./libio/./libio/genops.c
  ./libio/./libio/iopadn.c
  ./libio/./libio/libioP.h
  ./malloc/./malloc/malloc.c
  ./nptl/./nptl/libc-cleanup.c
  ./posix/./posix/getopt.c
  ./stdio-common/../libio/libioP.h
  ./stdio-common/./stdio-common/printf-parse.h
  ./stdio-common/./stdio-common/printf.c
  ./stdio-common/./stdio-common/printf_fp.c
  ./stdio-common/./stdio-common/vfprintf-internal.c
  ./stdlib/../stdlib/strtol_l.c
  ./stdlib/../sysdeps/ieee754/dbl-64/dbl2mpn.c
  ./stdlib/../sysdeps/x86_64/mul_1.S
  ./stdlib/./stdlib/divrem.c
  ./stdlib/./stdlib/drand48-iter.c
  ./stdlib/./stdlib/drand48.c
  ./stdlib/./stdlib/erand48_r.c
  ./stdlib/./stdlib/getenv.c
  ./string/../sysdeps/x86_64/multiarch/../strchr.S
  ./string/../sysdeps/x86_64/multiarch/memmove-vec-unaligned-erms.S
  ./string/../sysdeps/x86_64/multiarch/memset-vec-unaligned-erms.S
  ./string/../sysdeps/x86_64/multiarch/strchr-avx2.S
  ./string/../sysdeps/x86_64/multiarch/strlen-vec.S
  ./string/../sysdeps/x86_64/strcmp.S
  ./string/../sysdeps/x86_64/strcspn.S

--------------------------------------------------------------------------------
Ir             I1mr        ILmr        Dr             D1mr       DLmr       Dw           D1mw       DLmw       
--------------------------------------------------------------------------------
2,909 ( 1.66%) 30 ( 1.89%) 30 ( 1.93%) 1,157 ( 2.73%) 1 ( 0.06%) 1 ( 0.07%) 275 ( 1.52%) 2 ( 0.31%) 0           events annotated

